load
{"level":30,"time":1669105209162,"pid":15364,"hostname":"DESKTOP-5U3ANLI","msg":"deploy CellEvolutionNewWorld"}
{"level":30,"time":1669105210381,"pid":15364,"hostname":"DESKTOP-5U3ANLI","msg":"execute operation transaction:0, deploy CellEvolution, try 1"}
{"level":30,"time":1669105252683,"pid":15364,"hostname":"DESKTOP-5U3ANLI","msg":"success transaction:0,deploy CellEvolution"}
┌─────────┬────────────────────────┬─────────┬───────────┬─────────────────────────────┐
│ (index) │      functionName      │ gasUsed │ gasPrice  │             fee             │
├─────────┼────────────────────────┼─────────┼───────────┼─────────────────────────────┤
│    0    │ 'deploy CellEvolution' │ 3664946 │ '94 gwei' │ '0.34527614466326045 ether' │
│    1    │       'totalGas'       │ 3664946 │ '94 gwei' │ '0.34527614466326045 ether' │
└─────────┴────────────────────────┴─────────┴───────────┴─────────────────────────────┘
{"level":30,"time":1669105252685,"pid":15364,"hostname":"DESKTOP-5U3ANLI","msg":"cellEvolution deployed at 0x0cf3f4016Feb259C59e58e3bB7073791042dD5BA"}
load
{"level":30,"time":1669183603971,"pid":26420,"hostname":"DESKTOP-IKEJUGF","msg":"deploy CellEvolutionNewWorld"}

load
{"level":30,"time":1669183631543,"pid":10756,"hostname":"DESKTOP-IKEJUGF","msg":"deploy CellEvolutionNewWorld"}

load
{"level":30,"time":1669183703002,"pid":26568,"hostname":"DESKTOP-IKEJUGF","msg":"deploy CellEvolutionNewWorld"}

load
{"level":30,"time":1669183791574,"pid":20044,"hostname":"DESKTOP-IKEJUGF","msg":"deploy CellEvolutionNewWorld"}
{"level":30,"time":1669183792713,"pid":20044,"hostname":"DESKTOP-IKEJUGF","msg":"execute operation transaction:0, deploy CellEvolution, try 1"}
{"level":30,"time":1669183817691,"pid":20044,"hostname":"DESKTOP-IKEJUGF","msg":"success transaction:0,deploy CellEvolution"}
┌─────────┬────────────────────────┬─────────┬──────────┬──────────────────────────────┐
│ (index) │      functionName      │ gasUsed │ gasPrice │             fee              │
├─────────┼────────────────────────┼─────────┼──────────┼──────────────────────────────┤
│    0    │ 'deploy CellEvolution' │ 3664946 │ '2 gwei' │ '0.009882161270322093 ether' │
│    1    │       'totalGas'       │ 3664946 │ '2 gwei' │ '0.009882161270322093 ether' │
└─────────┴────────────────────────┴─────────┴──────────┴──────────────────────────────┘
{"level":30,"time":1669183817737,"pid":20044,"hostname":"DESKTOP-IKEJUGF","msg":"cellEvolution deployed at 0x6Be05aC087309c7EAC99958FF49EFaB7E7942599"}
load
{"level":30,"time":1669971370806,"pid":26128,"hostname":"DESKTOP-IKEJUGF","msg":"deploy CellEvolutionNewWorld"}
{"level":30,"time":1669971372355,"pid":26128,"hostname":"DESKTOP-IKEJUGF","msg":"execute operation transaction:0, deploy CellEvolution, try 1"}
{"level":30,"time":1669971386505,"pid":26128,"hostname":"DESKTOP-IKEJUGF","msg":"success transaction:0,deploy CellEvolution"}
┌─────────┬────────────────────────┬─────────┬──────────┬──────────────────────────┐
│ (index) │      functionName      │ gasUsed │ gasPrice │           fee            │
├─────────┼────────────────────────┼─────────┼──────────┼──────────────────────────┤
│    0    │ 'deploy CellEvolution' │ 3664946 │ '0 gwei' │ '3.71933379864e-7 ether' │
│    1    │       'totalGas'       │ 3664946 │ '0 gwei' │ '3.71933379864e-7 ether' │
└─────────┴────────────────────────┴─────────┴──────────┴──────────────────────────┘
{"level":30,"time":1669971386519,"pid":26128,"hostname":"DESKTOP-IKEJUGF","msg":"cellEvolution deployed at 0xa55809fe5bC46f805e042CCEacBe41B80380709E"}
load
{"level":30,"time":1669971415677,"pid":26284,"hostname":"DESKTOP-IKEJUGF","msg":"deploy CellEvolutionNewWorld"}
{"level":30,"time":1669971416752,"pid":26284,"hostname":"DESKTOP-IKEJUGF","msg":"execute operation transaction:0, deploy CellEvolution, try 1"}
{"level":30,"time":1669971498771,"pid":26284,"hostname":"DESKTOP-IKEJUGF","msg":"success transaction:0,deploy CellEvolution"}
┌─────────┬────────────────────────┬─────────┬──────────┬──────────────────────────┐
│ (index) │      functionName      │ gasUsed │ gasPrice │           fee            │
├─────────┼────────────────────────┼─────────┼──────────┼──────────────────────────┤
│    0    │ 'deploy CellEvolution' │ 3664946 │ '0 gwei' │ '8.21739532336e-7 ether' │
│    1    │       'totalGas'       │ 3664946 │ '0 gwei' │ '8.21739532336e-7 ether' │
└─────────┴────────────────────────┴─────────┴──────────┴──────────────────────────┘
{"level":30,"time":1669971498775,"pid":26284,"hostname":"DESKTOP-IKEJUGF","msg":"cellEvolution deployed at 0x2237AE92dC4b65fBD159DD8fe5D72623c383a511"}
